[INFO] [2016-05-23 15:37:04][org.springframework.beans.factory.xml.XmlBeanDefinitionReader]Loading XML bean definitions from class path resource [spring-mybatis.xml]
[INFO] [2016-05-23 15:37:04][org.springframework.context.support.GenericApplicationContext]Refreshing org.springframework.context.support.GenericApplicationContext@3dd3bcd: startup date [Mon May 23 15:37:04 CST 2016]; root of context hierarchy
[INFO] [2016-05-23 15:37:04][org.springframework.beans.factory.config.PropertyPlaceholderConfigurer]Loading properties file from class path resource [jdbc.properties]
[INFO] [2016-05-23 15:37:04][org.springframework.beans.factory.annotation.AutowiredAnnotationBeanPostProcessor]JSR-330 'javax.inject.Inject' annotation found and supported for autowiring
[INFO] [2016-05-23 15:37:05][com.test.TestMyBatis]{"age":23,"id":1,"userName":"admin"}
[INFO] [2016-05-23 15:37:05][org.springframework.context.support.GenericApplicationContext]Closing org.springframework.context.support.GenericApplicationContext@3dd3bcd: startup date [Mon May 23 15:37:04 CST 2016]; root of context hierarchy
[INFO] [2016-05-23 17:04:56][org.springframework.beans.factory.xml.XmlBeanDefinitionReader]Loading XML bean definitions from class path resource [spring-mybatis.xml]
[INFO] [2016-05-23 17:04:56][org.springframework.context.support.GenericApplicationContext]Refreshing org.springframework.context.support.GenericApplicationContext@3dd3bcd: startup date [Mon May 23 17:04:56 CST 2016]; root of context hierarchy
[INFO] [2016-05-23 17:04:56][org.springframework.beans.factory.config.PropertyPlaceholderConfigurer]Loading properties file from class path resource [jdbc.properties]
[INFO] [2016-05-23 17:04:56][org.springframework.beans.factory.annotation.AutowiredAnnotationBeanPostProcessor]JSR-330 'javax.inject.Inject' annotation found and supported for autowiring
[INFO] [2016-05-23 17:04:57][com.test.TestMyBatis]{"age":23,"id":1,"userName":"admin"}
[INFO] [2016-05-23 17:04:57][org.springframework.context.support.GenericApplicationContext]Closing org.springframework.context.support.GenericApplicationContext@3dd3bcd: startup date [Mon May 23 17:04:56 CST 2016]; root of context hierarchy
[INFO] [2016-05-23 17:15:14][org.springframework.beans.factory.xml.XmlBeanDefinitionReader]Loading XML bean definitions from class path resource [spring-mybatis.xml]
[INFO] [2016-05-23 17:15:14][org.springframework.context.support.GenericApplicationContext]Refreshing org.springframework.context.support.GenericApplicationContext@3dd3bcd: startup date [Mon May 23 17:15:14 CST 2016]; root of context hierarchy
[INFO] [2016-05-23 17:15:14][org.springframework.beans.factory.config.PropertyPlaceholderConfigurer]Loading properties file from class path resource [jdbc.properties]
[INFO] [2016-05-23 17:15:14][org.springframework.beans.factory.annotation.AutowiredAnnotationBeanPostProcessor]JSR-330 'javax.inject.Inject' annotation found and supported for autowiring
[INFO] [2016-05-23 17:15:15][com.test.TestMyBatis]{"age":23,"id":1,"userName":"admin"}
[INFO] [2016-05-23 17:15:15][org.springframework.context.support.GenericApplicationContext]Closing org.springframework.context.support.GenericApplicationContext@3dd3bcd: startup date [Mon May 23 17:15:14 CST 2016]; root of context hierarchy
[INFO] [2016-05-23 17:19:54][org.springframework.beans.factory.xml.XmlBeanDefinitionReader]Loading XML bean definitions from class path resource [spring-mybatis.xml]
[INFO] [2016-05-23 17:19:54][org.springframework.context.support.GenericApplicationContext]Refreshing org.springframework.context.support.GenericApplicationContext@3dd3bcd: startup date [Mon May 23 17:19:54 CST 2016]; root of context hierarchy
[INFO] [2016-05-23 17:19:54][org.springframework.beans.factory.config.PropertyPlaceholderConfigurer]Loading properties file from class path resource [jdbc.properties]
[INFO] [2016-05-23 17:19:54][org.springframework.beans.factory.annotation.AutowiredAnnotationBeanPostProcessor]JSR-330 'javax.inject.Inject' annotation found and supported for autowiring
[INFO] [2016-05-23 17:19:55][org.springframework.beans.factory.xml.XmlBeanDefinitionReader]Loading XML bean definitions from class path resource [org/springframework/jdbc/support/sql-error-codes.xml]
[INFO] [2016-05-23 17:19:55][org.springframework.jdbc.support.SQLErrorCodesFactory]SQLErrorCodes loaded: [DB2, Derby, H2, HSQL, Informix, MS-SQL, MySQL, Oracle, PostgreSQL, Sybase]
[INFO] [2016-05-23 17:19:55][org.springframework.context.support.GenericApplicationContext]Closing org.springframework.context.support.GenericApplicationContext@3dd3bcd: startup date [Mon May 23 17:19:54 CST 2016]; root of context hierarchy
[INFO] [2016-05-23 17:20:40][org.springframework.beans.factory.xml.XmlBeanDefinitionReader]Loading XML bean definitions from class path resource [spring-mybatis.xml]
[INFO] [2016-05-23 17:20:40][org.springframework.context.support.GenericApplicationContext]Refreshing org.springframework.context.support.GenericApplicationContext@3dd3bcd: startup date [Mon May 23 17:20:40 CST 2016]; root of context hierarchy
[INFO] [2016-05-23 17:20:40][org.springframework.beans.factory.config.PropertyPlaceholderConfigurer]Loading properties file from class path resource [jdbc.properties]
[INFO] [2016-05-23 17:20:40][org.springframework.beans.factory.annotation.AutowiredAnnotationBeanPostProcessor]JSR-330 'javax.inject.Inject' annotation found and supported for autowiring
[INFO] [2016-05-23 17:20:41][com.test.TestMyBatis]{"age":23,"id":1,"userName":"admin"}
[INFO] [2016-05-23 17:20:41][org.springframework.context.support.GenericApplicationContext]Closing org.springframework.context.support.GenericApplicationContext@3dd3bcd: startup date [Mon May 23 17:20:40 CST 2016]; root of context hierarchy
[INFO] [2016-05-23 17:21:21][org.springframework.beans.factory.xml.XmlBeanDefinitionReader]Loading XML bean definitions from class path resource [spring-mybatis.xml]
[INFO] [2016-05-23 17:21:21][org.springframework.context.support.GenericApplicationContext]Refreshing org.springframework.context.support.GenericApplicationContext@3dd3bcd: startup date [Mon May 23 17:21:21 CST 2016]; root of context hierarchy
[INFO] [2016-05-23 17:21:21][org.springframework.beans.factory.config.PropertyPlaceholderConfigurer]Loading properties file from class path resource [jdbc.properties]
[INFO] [2016-05-23 17:21:21][org.springframework.beans.factory.annotation.AutowiredAnnotationBeanPostProcessor]JSR-330 'javax.inject.Inject' annotation found and supported for autowiring
[INFO] [2016-05-23 17:21:21][org.springframework.context.support.GenericApplicationContext]Closing org.springframework.context.support.GenericApplicationContext@3dd3bcd: startup date [Mon May 23 17:21:21 CST 2016]; root of context hierarchy
[INFO] [2016-05-23 17:21:37][org.springframework.beans.factory.xml.XmlBeanDefinitionReader]Loading XML bean definitions from class path resource [spring-mybatis.xml]
[INFO] [2016-05-23 17:21:37][org.springframework.context.support.GenericApplicationContext]Refreshing org.springframework.context.support.GenericApplicationContext@3dd3bcd: startup date [Mon May 23 17:21:37 CST 2016]; root of context hierarchy
[INFO] [2016-05-23 17:21:37][org.springframework.beans.factory.config.PropertyPlaceholderConfigurer]Loading properties file from class path resource [jdbc.properties]
[INFO] [2016-05-23 17:21:37][org.springframework.beans.factory.annotation.AutowiredAnnotationBeanPostProcessor]JSR-330 'javax.inject.Inject' annotation found and supported for autowiring
[INFO] [2016-05-23 17:21:38][com.test.TestMyBatis]{"age":23,"id":1,"userName":"admin"}
[INFO] [2016-05-23 17:21:38][org.springframework.context.support.GenericApplicationContext]Closing org.springframework.context.support.GenericApplicationContext@3dd3bcd: startup date [Mon May 23 17:21:37 CST 2016]; root of context hierarchy
[INFO] [2016-05-23 17:21:56][org.springframework.beans.factory.xml.XmlBeanDefinitionReader]Loading XML bean definitions from class path resource [spring-mybatis.xml]
[INFO] [2016-05-23 17:21:57][org.springframework.context.support.GenericApplicationContext]Refreshing org.springframework.context.support.GenericApplicationContext@2aece37d: startup date [Mon May 23 17:21:57 CST 2016]; root of context hierarchy
[INFO] [2016-05-23 17:21:57][org.springframework.beans.factory.config.PropertyPlaceholderConfigurer]Loading properties file from class path resource [jdbc.properties]
[INFO] [2016-05-23 17:21:57][org.springframework.beans.factory.annotation.AutowiredAnnotationBeanPostProcessor]JSR-330 'javax.inject.Inject' annotation found and supported for autowiring
[INFO] [2016-05-23 17:21:57][com.test.TestMyBatis]{"age":23,"id":1,"userName":"admin"}
[INFO] [2016-05-23 17:21:57][org.springframework.context.support.GenericApplicationContext]Closing org.springframework.context.support.GenericApplicationContext@2aece37d: startup date [Mon May 23 17:21:57 CST 2016]; root of context hierarchy
[INFO] [2016-05-23 17:22:12][org.springframework.beans.factory.xml.XmlBeanDefinitionReader]Loading XML bean definitions from class path resource [spring-mybatis.xml]
[INFO] [2016-05-23 17:22:12][org.springframework.context.support.GenericApplicationContext]Refreshing org.springframework.context.support.GenericApplicationContext@3dd3bcd: startup date [Mon May 23 17:22:12 CST 2016]; root of context hierarchy
[INFO] [2016-05-23 17:22:12][org.springframework.beans.factory.config.PropertyPlaceholderConfigurer]Loading properties file from class path resource [jdbc.properties]
[INFO] [2016-05-23 17:22:12][org.springframework.beans.factory.annotation.AutowiredAnnotationBeanPostProcessor]JSR-330 'javax.inject.Inject' annotation found and supported for autowiring
[INFO] [2016-05-23 17:22:13][com.test.TestMyBatis]{"age":23,"id":1,"userName":"admin"}
[INFO] [2016-05-23 17:22:13][org.springframework.context.support.GenericApplicationContext]Closing org.springframework.context.support.GenericApplicationContext@3dd3bcd: startup date [Mon May 23 17:22:12 CST 2016]; root of context hierarchy
[INFO] [2016-05-23 17:22:19][org.springframework.beans.factory.xml.XmlBeanDefinitionReader]Loading XML bean definitions from class path resource [spring-mybatis.xml]
[INFO] [2016-05-23 17:22:19][org.springframework.context.support.GenericApplicationContext]Refreshing org.springframework.context.support.GenericApplicationContext@2aece37d: startup date [Mon May 23 17:22:19 CST 2016]; root of context hierarchy
[INFO] [2016-05-23 17:22:19][org.springframework.beans.factory.config.PropertyPlaceholderConfigurer]Loading properties file from class path resource [jdbc.properties]
[INFO] [2016-05-23 17:22:19][org.springframework.beans.factory.annotation.AutowiredAnnotationBeanPostProcessor]JSR-330 'javax.inject.Inject' annotation found and supported for autowiring
[INFO] [2016-05-23 17:23:20][org.springframework.beans.factory.xml.XmlBeanDefinitionReader]Loading XML bean definitions from class path resource [spring-mybatis.xml]
[INFO] [2016-05-23 17:23:20][org.springframework.context.support.GenericApplicationContext]Refreshing org.springframework.context.support.GenericApplicationContext@3dd3bcd: startup date [Mon May 23 17:23:20 CST 2016]; root of context hierarchy
[INFO] [2016-05-23 17:23:20][org.springframework.beans.factory.config.PropertyPlaceholderConfigurer]Loading properties file from class path resource [jdbc.properties]
[INFO] [2016-05-23 17:23:20][org.springframework.beans.factory.annotation.AutowiredAnnotationBeanPostProcessor]JSR-330 'javax.inject.Inject' annotation found and supported for autowiring
[INFO] [2016-05-23 17:23:21][com.test.TestMyBatis]{"address":"上海","age":23,"id":1,"userName":"admin"}
[INFO] [2016-05-23 17:23:21][org.springframework.context.support.GenericApplicationContext]Closing org.springframework.context.support.GenericApplicationContext@3dd3bcd: startup date [Mon May 23 17:23:20 CST 2016]; root of context hierarchy
[INFO] [2016-05-24 10:47:53][org.springframework.beans.factory.xml.XmlBeanDefinitionReader]Loading XML bean definitions from class path resource [spring-mybatis.xml]
[INFO] [2016-05-24 10:47:54][org.springframework.context.support.GenericApplicationContext]Refreshing org.springframework.context.support.GenericApplicationContext@3dd3bcd: startup date [Tue May 24 10:47:54 CST 2016]; root of context hierarchy
[INFO] [2016-05-24 10:47:54][org.springframework.beans.factory.config.PropertyPlaceholderConfigurer]Loading properties file from class path resource [jdbc.properties]
[INFO] [2016-05-24 10:47:54][org.springframework.beans.factory.annotation.AutowiredAnnotationBeanPostProcessor]JSR-330 'javax.inject.Inject' annotation found and supported for autowiring
[INFO] [2016-05-24 10:47:55][org.springframework.beans.factory.xml.XmlBeanDefinitionReader]Loading XML bean definitions from class path resource [org/springframework/jdbc/support/sql-error-codes.xml]
[INFO] [2016-05-24 10:47:55][org.springframework.jdbc.support.SQLErrorCodesFactory]SQLErrorCodes loaded: [DB2, Derby, H2, HSQL, Informix, MS-SQL, MySQL, Oracle, PostgreSQL, Sybase]
[INFO] [2016-05-24 10:47:55][org.springframework.context.support.GenericApplicationContext]Closing org.springframework.context.support.GenericApplicationContext@3dd3bcd: startup date [Tue May 24 10:47:54 CST 2016]; root of context hierarchy
[INFO] [2016-05-24 10:48:18][org.springframework.beans.factory.xml.XmlBeanDefinitionReader]Loading XML bean definitions from class path resource [spring-mybatis.xml]
[INFO] [2016-05-24 10:48:18][org.springframework.context.support.GenericApplicationContext]Refreshing org.springframework.context.support.GenericApplicationContext@2aece37d: startup date [Tue May 24 10:48:18 CST 2016]; root of context hierarchy
[INFO] [2016-05-24 10:48:18][org.springframework.beans.factory.config.PropertyPlaceholderConfigurer]Loading properties file from class path resource [jdbc.properties]
[INFO] [2016-05-24 10:48:18][org.springframework.beans.factory.annotation.AutowiredAnnotationBeanPostProcessor]JSR-330 'javax.inject.Inject' annotation found and supported for autowiring
[INFO] [2016-05-24 10:48:19][org.springframework.beans.factory.xml.XmlBeanDefinitionReader]Loading XML bean definitions from class path resource [org/springframework/jdbc/support/sql-error-codes.xml]
[INFO] [2016-05-24 10:48:19][org.springframework.jdbc.support.SQLErrorCodesFactory]SQLErrorCodes loaded: [DB2, Derby, H2, HSQL, Informix, MS-SQL, MySQL, Oracle, PostgreSQL, Sybase]
[INFO] [2016-05-24 10:48:19][org.springframework.context.support.GenericApplicationContext]Closing org.springframework.context.support.GenericApplicationContext@2aece37d: startup date [Tue May 24 10:48:18 CST 2016]; root of context hierarchy
[INFO] [2016-05-24 10:52:41][org.springframework.beans.factory.xml.XmlBeanDefinitionReader]Loading XML bean definitions from class path resource [spring-mybatis.xml]
[INFO] [2016-05-24 10:52:41][org.springframework.context.support.GenericApplicationContext]Refreshing org.springframework.context.support.GenericApplicationContext@2aece37d: startup date [Tue May 24 10:52:41 CST 2016]; root of context hierarchy
[INFO] [2016-05-24 10:52:42][org.springframework.beans.factory.config.PropertyPlaceholderConfigurer]Loading properties file from class path resource [jdbc.properties]
[INFO] [2016-05-24 10:52:42][org.springframework.beans.factory.annotation.AutowiredAnnotationBeanPostProcessor]JSR-330 'javax.inject.Inject' annotation found and supported for autowiring
[INFO] [2016-05-24 10:52:46][org.springframework.beans.factory.xml.XmlBeanDefinitionReader]Loading XML bean definitions from class path resource [org/springframework/jdbc/support/sql-error-codes.xml]
[INFO] [2016-05-24 10:52:46][org.springframework.jdbc.support.SQLErrorCodesFactory]SQLErrorCodes loaded: [DB2, Derby, H2, HSQL, Informix, MS-SQL, MySQL, Oracle, PostgreSQL, Sybase]
[INFO] [2016-05-24 10:52:46][org.springframework.context.support.GenericApplicationContext]Closing org.springframework.context.support.GenericApplicationContext@2aece37d: startup date [Tue May 24 10:52:41 CST 2016]; root of context hierarchy
[INFO] [2016-05-24 10:56:32][org.springframework.beans.factory.xml.XmlBeanDefinitionReader]Loading XML bean definitions from class path resource [spring-mybatis.xml]
[INFO] [2016-05-24 10:56:33][org.springframework.context.support.GenericApplicationContext]Refreshing org.springframework.context.support.GenericApplicationContext@2aece37d: startup date [Tue May 24 10:56:33 CST 2016]; root of context hierarchy
[INFO] [2016-05-24 10:56:33][org.springframework.beans.factory.config.PropertyPlaceholderConfigurer]Loading properties file from class path resource [jdbc.properties]
[INFO] [2016-05-24 10:56:33][org.springframework.beans.factory.annotation.AutowiredAnnotationBeanPostProcessor]JSR-330 'javax.inject.Inject' annotation found and supported for autowiring
[INFO] [2016-05-24 10:56:41][org.springframework.beans.factory.xml.XmlBeanDefinitionReader]Loading XML bean definitions from class path resource [org/springframework/jdbc/support/sql-error-codes.xml]
[INFO] [2016-05-24 10:56:41][org.springframework.jdbc.support.SQLErrorCodesFactory]SQLErrorCodes loaded: [DB2, Derby, H2, HSQL, Informix, MS-SQL, MySQL, Oracle, PostgreSQL, Sybase]
[INFO] [2016-05-24 10:56:41][org.springframework.context.support.GenericApplicationContext]Closing org.springframework.context.support.GenericApplicationContext@2aece37d: startup date [Tue May 24 10:56:33 CST 2016]; root of context hierarchy
[INFO] [2016-05-24 10:57:24][org.springframework.beans.factory.xml.XmlBeanDefinitionReader]Loading XML bean definitions from class path resource [spring-mybatis.xml]
[INFO] [2016-05-24 10:57:24][org.springframework.context.support.GenericApplicationContext]Refreshing org.springframework.context.support.GenericApplicationContext@3dd3bcd: startup date [Tue May 24 10:57:24 CST 2016]; root of context hierarchy
[INFO] [2016-05-24 10:57:24][org.springframework.beans.factory.config.PropertyPlaceholderConfigurer]Loading properties file from class path resource [jdbc.properties]
[INFO] [2016-05-24 10:57:24][org.springframework.beans.factory.annotation.AutowiredAnnotationBeanPostProcessor]JSR-330 'javax.inject.Inject' annotation found and supported for autowiring
[INFO] [2016-05-24 10:57:25][com.test.TestMyBatis]{"id":1,"userName":"admin"}
[INFO] [2016-05-24 10:57:25][org.springframework.context.support.GenericApplicationContext]Closing org.springframework.context.support.GenericApplicationContext@3dd3bcd: startup date [Tue May 24 10:57:24 CST 2016]; root of context hierarchy
[INFO] [2016-05-24 10:57:59][org.springframework.beans.factory.xml.XmlBeanDefinitionReader]Loading XML bean definitions from class path resource [spring-mybatis.xml]
[INFO] [2016-05-24 10:57:59][org.springframework.context.support.GenericApplicationContext]Refreshing org.springframework.context.support.GenericApplicationContext@3dd3bcd: startup date [Tue May 24 10:57:59 CST 2016]; root of context hierarchy
[INFO] [2016-05-24 10:57:59][org.springframework.beans.factory.config.PropertyPlaceholderConfigurer]Loading properties file from class path resource [jdbc.properties]
[INFO] [2016-05-24 10:57:59][org.springframework.beans.factory.annotation.AutowiredAnnotationBeanPostProcessor]JSR-330 'javax.inject.Inject' annotation found and supported for autowiring
[INFO] [2016-05-24 10:58:00][com.test.TestMyBatis]{"address":"上海","age":23,"id":1,"password":"admin","userName":"admin"}
[INFO] [2016-05-24 10:58:00][org.springframework.context.support.GenericApplicationContext]Closing org.springframework.context.support.GenericApplicationContext@3dd3bcd: startup date [Tue May 24 10:57:59 CST 2016]; root of context hierarchy
[INFO] [2016-05-24 11:27:36][org.springframework.beans.factory.xml.XmlBeanDefinitionReader]Loading XML bean definitions from class path resource [spring-mybatis.xml]
[INFO] [2016-05-24 11:27:36][org.springframework.context.support.GenericApplicationContext]Refreshing org.springframework.context.support.GenericApplicationContext@3dd3bcd: startup date [Tue May 24 11:27:36 CST 2016]; root of context hierarchy
[INFO] [2016-05-24 11:27:36][org.springframework.beans.factory.config.PropertyPlaceholderConfigurer]Loading properties file from class path resource [jdbc.properties]
[INFO] [2016-05-24 11:27:36][org.springframework.beans.factory.annotation.AutowiredAnnotationBeanPostProcessor]JSR-330 'javax.inject.Inject' annotation found and supported for autowiring
[INFO] [2016-05-24 11:27:36][org.springframework.context.support.GenericApplicationContext]Closing org.springframework.context.support.GenericApplicationContext@3dd3bcd: startup date [Tue May 24 11:27:36 CST 2016]; root of context hierarchy
[INFO] [2016-05-24 11:30:07][org.springframework.beans.factory.xml.XmlBeanDefinitionReader]Loading XML bean definitions from class path resource [spring-mybatis.xml]
[INFO] [2016-05-24 11:30:07][org.springframework.context.support.GenericApplicationContext]Refreshing org.springframework.context.support.GenericApplicationContext@3dd3bcd: startup date [Tue May 24 11:30:07 CST 2016]; root of context hierarchy
[INFO] [2016-05-24 11:30:07][org.springframework.beans.factory.config.PropertyPlaceholderConfigurer]Loading properties file from class path resource [jdbc.properties]
[INFO] [2016-05-24 11:30:07][org.springframework.beans.factory.annotation.AutowiredAnnotationBeanPostProcessor]JSR-330 'javax.inject.Inject' annotation found and supported for autowiring
[INFO] [2016-05-24 11:30:08][org.springframework.context.support.GenericApplicationContext]Closing org.springframework.context.support.GenericApplicationContext@3dd3bcd: startup date [Tue May 24 11:30:07 CST 2016]; root of context hierarchy
[INFO] [2016-05-24 11:31:45][org.springframework.beans.factory.xml.XmlBeanDefinitionReader]Loading XML bean definitions from class path resource [spring-mybatis.xml]
[INFO] [2016-05-24 11:31:45][org.springframework.context.support.GenericApplicationContext]Refreshing org.springframework.context.support.GenericApplicationContext@3dd3bcd: startup date [Tue May 24 11:31:45 CST 2016]; root of context hierarchy
[INFO] [2016-05-24 11:31:45][org.springframework.beans.factory.config.PropertyPlaceholderConfigurer]Loading properties file from class path resource [jdbc.properties]
[INFO] [2016-05-24 11:31:45][org.springframework.beans.factory.annotation.AutowiredAnnotationBeanPostProcessor]JSR-330 'javax.inject.Inject' annotation found and supported for autowiring
[INFO] [2016-05-24 11:31:45][org.springframework.context.support.GenericApplicationContext]Closing org.springframework.context.support.GenericApplicationContext@3dd3bcd: startup date [Tue May 24 11:31:45 CST 2016]; root of context hierarchy
[INFO] [2016-05-24 11:33:06][org.springframework.beans.factory.xml.XmlBeanDefinitionReader]Loading XML bean definitions from class path resource [spring-mybatis.xml]
[INFO] [2016-05-24 11:33:06][org.springframework.context.support.GenericApplicationContext]Refreshing org.springframework.context.support.GenericApplicationContext@3dd3bcd: startup date [Tue May 24 11:33:06 CST 2016]; root of context hierarchy
[INFO] [2016-05-24 11:33:06][org.springframework.beans.factory.config.PropertyPlaceholderConfigurer]Loading properties file from class path resource [jdbc.properties]
[INFO] [2016-05-24 11:33:06][org.springframework.beans.factory.annotation.AutowiredAnnotationBeanPostProcessor]JSR-330 'javax.inject.Inject' annotation found and supported for autowiring
[INFO] [2016-05-24 11:33:07][org.springframework.context.support.GenericApplicationContext]Closing org.springframework.context.support.GenericApplicationContext@3dd3bcd: startup date [Tue May 24 11:33:06 CST 2016]; root of context hierarchy
[INFO] [2016-05-25 10:38:36][org.springframework.beans.factory.xml.XmlBeanDefinitionReader]Loading XML bean definitions from class path resource [spring-mybatis.xml]
[INFO] [2016-05-25 10:38:37][org.springframework.context.support.GenericApplicationContext]Refreshing org.springframework.context.support.GenericApplicationContext@3dd3bcd: startup date [Wed May 25 10:38:37 CST 2016]; root of context hierarchy
[INFO] [2016-05-25 10:38:37][org.springframework.beans.factory.config.PropertyPlaceholderConfigurer]Loading properties file from class path resource [jdbc.properties]
[INFO] [2016-05-25 10:38:37][org.springframework.beans.factory.annotation.AutowiredAnnotationBeanPostProcessor]JSR-330 'javax.inject.Inject' annotation found and supported for autowiring
[INFO] [2016-05-25 10:38:38][org.springframework.context.support.GenericApplicationContext]Closing org.springframework.context.support.GenericApplicationContext@3dd3bcd: startup date [Wed May 25 10:38:37 CST 2016]; root of context hierarchy
[INFO] [2016-05-26 10:49:17][org.springframework.beans.factory.xml.XmlBeanDefinitionReader]Loading XML bean definitions from class path resource [spring-mybatis.xml]
[INFO] [2016-05-26 10:49:17][org.springframework.context.support.GenericApplicationContext]Refreshing org.springframework.context.support.GenericApplicationContext@3dd3bcd: startup date [Thu May 26 10:49:17 CST 2016]; root of context hierarchy
[INFO] [2016-05-26 10:49:18][org.springframework.beans.factory.config.PropertyPlaceholderConfigurer]Loading properties file from class path resource [jdbc.properties]
[INFO] [2016-05-26 10:49:18][org.springframework.beans.factory.annotation.AutowiredAnnotationBeanPostProcessor]JSR-330 'javax.inject.Inject' annotation found and supported for autowiring
[INFO] [2016-05-26 10:49:19][com.test.TestMyBatis]{"address":"上海","age":23,"id":1,"password":"admin","userName":"admin"}
[INFO] [2016-05-26 10:49:19][org.springframework.context.support.GenericApplicationContext]Closing org.springframework.context.support.GenericApplicationContext@3dd3bcd: startup date [Thu May 26 10:49:17 CST 2016]; root of context hierarchy
[INFO] [2016-05-27 11:00:20][org.springframework.beans.factory.xml.XmlBeanDefinitionReader]Loading XML bean definitions from class path resource [spring-mybatis.xml]
[INFO] [2016-05-27 11:00:20][org.springframework.context.support.GenericApplicationContext]Refreshing org.springframework.context.support.GenericApplicationContext@3dd3bcd: startup date [Fri May 27 11:00:20 CST 2016]; root of context hierarchy
[INFO] [2016-05-27 11:00:20][org.springframework.beans.factory.config.PropertyPlaceholderConfigurer]Loading properties file from class path resource [jdbc.properties]
[INFO] [2016-05-27 11:00:20][org.springframework.beans.factory.annotation.AutowiredAnnotationBeanPostProcessor]JSR-330 'javax.inject.Inject' annotation found and supported for autowiring
[INFO] [2016-05-27 11:00:21][org.springframework.context.support.GenericApplicationContext]Closing org.springframework.context.support.GenericApplicationContext@3dd3bcd: startup date [Fri May 27 11:00:20 CST 2016]; root of context hierarchy
[INFO] [2016-05-27 11:24:54][org.springframework.beans.factory.xml.XmlBeanDefinitionReader]Loading XML bean definitions from class path resource [spring-mybatis.xml]
[INFO] [2016-05-27 11:24:54][org.springframework.context.support.GenericApplicationContext]Refreshing org.springframework.context.support.GenericApplicationContext@3dd3bcd: startup date [Fri May 27 11:24:54 CST 2016]; root of context hierarchy
[INFO] [2016-05-27 11:24:54][org.springframework.beans.factory.config.PropertyPlaceholderConfigurer]Loading properties file from class path resource [jdbc.properties]
[INFO] [2016-05-27 11:24:54][org.springframework.beans.factory.annotation.AutowiredAnnotationBeanPostProcessor]JSR-330 'javax.inject.Inject' annotation found and supported for autowiring
[INFO] [2016-05-27 11:24:54][org.springframework.context.support.GenericApplicationContext]Closing org.springframework.context.support.GenericApplicationContext@3dd3bcd: startup date [Fri May 27 11:24:54 CST 2016]; root of context hierarchy
